2019-03-16 14:06:18,846 DEBUG c.t.t.MainKt [main] Adding command: init
2019-03-16 14:06:18,859 DEBUG c.t.t.MainKt [main] Adding command: up
2019-03-16 14:06:18,859 DEBUG c.t.t.MainKt [main] Adding command: start
2019-03-16 14:06:18,859 DEBUG c.t.t.MainKt [main] Adding command: stop
2019-03-16 14:06:18,860 DEBUG c.t.t.MainKt [main] Adding command: install
2019-03-16 14:06:18,861 DEBUG c.t.t.MainKt [main] Adding command: down
2019-03-16 14:06:18,861 DEBUG c.t.t.MainKt [main] Adding command: build
2019-03-16 14:06:18,862 DEBUG c.t.t.MainKt [main] Adding command: ls
2019-03-16 14:06:18,862 DEBUG c.t.t.MainKt [main] Adding command: use
2019-03-16 14:06:18,863 DEBUG c.t.t.MainKt [main] Adding command: clean
2019-03-16 14:06:18,863 DEBUG c.t.t.MainKt [main] Adding command: hosts
2019-03-16 14:06:24,259 DEBUG c.t.t.MainKt [main] Adding command: init
2019-03-16 14:06:24,271 DEBUG c.t.t.MainKt [main] Adding command: up
2019-03-16 14:06:24,272 DEBUG c.t.t.MainKt [main] Adding command: start
2019-03-16 14:06:24,272 DEBUG c.t.t.MainKt [main] Adding command: stop
2019-03-16 14:06:24,272 DEBUG c.t.t.MainKt [main] Adding command: install
2019-03-16 14:06:24,273 DEBUG c.t.t.MainKt [main] Adding command: down
2019-03-16 14:06:24,273 DEBUG c.t.t.MainKt [main] Adding command: build
2019-03-16 14:06:24,274 DEBUG c.t.t.MainKt [main] Adding command: ls
2019-03-16 14:06:24,274 DEBUG c.t.t.MainKt [main] Adding command: use
2019-03-16 14:06:24,275 DEBUG c.t.t.MainKt [main] Adding command: clean
2019-03-16 14:06:24,275 DEBUG c.t.t.MainKt [main] Adding command: hosts
