2019-02-21 17:55:34,956 DEBUG c.t.t.MainKt [main] Adding command: init
2019-02-21 17:55:34,970 DEBUG c.t.t.MainKt [main] Adding command: up
2019-02-21 17:55:34,971 DEBUG c.t.t.MainKt [main] Adding command: start
2019-02-21 17:55:34,971 DEBUG c.t.t.MainKt [main] Adding command: stop
2019-02-21 17:55:34,972 DEBUG c.t.t.MainKt [main] Adding command: install
2019-02-21 17:55:34,972 DEBUG c.t.t.MainKt [main] Adding command: down
2019-02-21 17:55:34,972 DEBUG c.t.t.MainKt [main] Adding command: build
2019-02-21 17:55:34,973 DEBUG c.t.t.MainKt [main] Adding command: ls
2019-02-21 17:55:34,973 DEBUG c.t.t.MainKt [main] Adding command: use
2019-02-21 17:55:34,973 DEBUG c.t.t.MainKt [main] Adding command: clean
2019-02-21 17:55:34,973 DEBUG c.t.t.MainKt [main] Adding command: hosts
2019-02-21 17:55:51,938 DEBUG c.t.t.MainKt [main] Adding command: init
2019-02-21 17:55:51,951 DEBUG c.t.t.MainKt [main] Adding command: up
2019-02-21 17:55:51,951 DEBUG c.t.t.MainKt [main] Adding command: start
2019-02-21 17:55:51,952 DEBUG c.t.t.MainKt [main] Adding command: stop
2019-02-21 17:55:51,952 DEBUG c.t.t.MainKt [main] Adding command: install
2019-02-21 17:55:51,952 DEBUG c.t.t.MainKt [main] Adding command: down
2019-02-21 17:55:51,952 DEBUG c.t.t.MainKt [main] Adding command: build
2019-02-21 17:55:51,953 DEBUG c.t.t.MainKt [main] Adding command: ls
2019-02-21 17:55:51,953 DEBUG c.t.t.MainKt [main] Adding command: use
2019-02-21 17:55:51,953 DEBUG c.t.t.MainKt [main] Adding command: clean
2019-02-21 17:55:51,954 DEBUG c.t.t.MainKt [main] Adding command: hosts
